<html>
<head>
<title>TestNG:  Test</title>
<link href="../testng.css" rel="stylesheet" type="text/css" />
<link href="../my-testng.css" rel="stylesheet" type="text/css" />

<style type="text/css">
.log { display: none;} 
.stack-trace { display: none;} 
</style>
<script type="text/javascript">
<!--
function flip(e) {
  current = e.style.display;
  if (current == 'block') {
    e.style.display = 'none';
    return 0;
  }
  else {
    e.style.display = 'block';
    return 1;
  }
}

function toggleBox(szDivId, elem, msg1, msg2)
{
  var res = -1;  if (document.getElementById) {
    res = flip(document.getElementById(szDivId));
  }
  else if (document.all) {
    // this is the way old msie versions work
    res = flip(document.all[szDivId]);
  }
  if(elem) {
    if(res == 0) elem.innerHTML = msg1; else elem.innerHTML = msg2;
  }

}

function toggleAllBoxes() {
  if (document.getElementsByTagName) {
    d = document.getElementsByTagName('div');
    for (i = 0; i < d.length; i++) {
      if (d[i].className == 'log') {
        flip(d[i]);
      }
    }
  }
}

// -->
</script>

</head>
<body>
<h2 align='center'>Test</h2><table border='1' align="center">
<tr>
<td>Tests passed/Failed/Skipped:</td><td>17/1/0</td>
</tr><tr>
<td>Started on:</td><td>Thu Sep 27 21:52:45 IST 2018</td>
</tr>
<tr><td>Total time:</td><td>426 seconds (426378 ms)</td>
</tr><tr>
<td>Included groups:</td><td></td>
</tr><tr>
<td>Excluded groups:</td><td></td>
</tr>
</table><p/>
<small><i>(Hover the method name to see the test class name)</i></small><p/>
<table width='100%' border='1' class='invocation-failed'>
<tr><td colspan='4' align='center'><b>FAILED TESTS</b></td></tr>
<tr><td><b>Test method</b></td>
<td width="30%"><b>Exception</b></td>
<td width="10%"><b>Time (seconds)</b></td>
<td><b>Instance</b></td>
</tr>
<tr>
<td title='test.TestLogin.Login()'><b>Login</b><br>Test class: test.TestLogin<br>Parameters: TATestme9@gmail.com, pass131</td>
<td><div><pre>org.openqa.selenium.WebDriverException: Reached error page: about:neterror?e=netTimeout&amp;u=https%3A//www.phptravels.net/login&amp;c=UTF-8&amp;f=regular&amp;d=The%20server%20at%20www.phptravels.net%20is%20taking%20too%20long%20to%20respond.
Build info: version: &apos;3.11.0&apos;, revision: &apos;e59cfb3&apos;, time: &apos;2018-03-11T20:26:55.152Z&apos;
System info: host: &apos;JAI-PC&apos;, ip: &apos;192.168.0.105&apos;, os.name: &apos;Windows 8&apos;, os.arch: &apos;amd64&apos;, os.version: &apos;6.2&apos;, java.version: &apos;1.8.0_131&apos;
Driver info: org.openqa.selenium.firefox.FirefoxDriver
Capabilities {acceptInsecureCerts: true, browserName: firefox, browserVersion: 62.0.2, javascriptEnabled: true, moz:accessibilityChecks: false, moz:headless: false, moz:processID: 3308, moz:profile: C:\Users\JayaprakashNagaraj..., moz:useNonSpecCompliantPointerOrigin: false, moz:webdriverClick: true, pageLoadStrategy: normal, platform: XP, platformName: XP, platformVersion: 6.2, rotatable: false, timeouts: {implicit: 0, pageLoad: 300000, script: 30000}}
Session ID: 3e18f649-cead-4c60-ae15-57f2d474d43e
	at org.openqa.selenium.remote.http.W3CHttpResponseCodec.createException(W3CHttpResponseCodec.java:187)
	at org.openqa.selenium.remote.http.W3CHttpResponseCodec.decode(W3CHttpResponseCodec.java:122)
	at org.openqa.selenium.remote.http.W3CHttpResponseCodec.decode(W3CHttpResponseCodec.java:49)
	at org.openqa.selenium.remote.HttpCommandExecutor.execute(HttpCommandExecutor.java:158)
	at org.openqa.selenium.remote.service.DriverCommandExecutor.execute(DriverCommandExecutor.java:83)
	at org.openqa.selenium.remote.RemoteWebDriver.execute(RemoteWebDriver.java:545)
	at org.openqa.selenium.remote.RemoteWebDriver.get(RemoteWebDriver.java:273)
	at test.TestLogin.Login(TestLogin.java:74)
... Removed 32 stack frames</pre></div><a href='#' onClick='toggleBox("stack-trace847320212", this, "Click to show all stack frames", "Click to hide stack frames")'>Click to show all stack frames</a>
<div class='stack-trace' id='stack-trace847320212'><pre>org.openqa.selenium.WebDriverException: Reached error page: about:neterror?e=netTimeout&amp;u=https%3A//www.phptravels.net/login&amp;c=UTF-8&amp;f=regular&amp;d=The%20server%20at%20www.phptravels.net%20is%20taking%20too%20long%20to%20respond.
Build info: version: &apos;3.11.0&apos;, revision: &apos;e59cfb3&apos;, time: &apos;2018-03-11T20:26:55.152Z&apos;
System info: host: &apos;JAI-PC&apos;, ip: &apos;192.168.0.105&apos;, os.name: &apos;Windows 8&apos;, os.arch: &apos;amd64&apos;, os.version: &apos;6.2&apos;, java.version: &apos;1.8.0_131&apos;
Driver info: org.openqa.selenium.firefox.FirefoxDriver
Capabilities {acceptInsecureCerts: true, browserName: firefox, browserVersion: 62.0.2, javascriptEnabled: true, moz:accessibilityChecks: false, moz:headless: false, moz:processID: 3308, moz:profile: C:\Users\JayaprakashNagaraj..., moz:useNonSpecCompliantPointerOrigin: false, moz:webdriverClick: true, pageLoadStrategy: normal, platform: XP, platformName: XP, platformVersion: 6.2, rotatable: false, timeouts: {implicit: 0, pageLoad: 300000, script: 30000}}
Session ID: 3e18f649-cead-4c60-ae15-57f2d474d43e
	at sun.reflect.NativeConstructorAccessorImpl.newInstance0(Native Method)
	at sun.reflect.NativeConstructorAccessorImpl.newInstance(NativeConstructorAccessorImpl.java:62)
	at sun.reflect.DelegatingConstructorAccessorImpl.newInstance(DelegatingConstructorAccessorImpl.java:45)
	at java.lang.reflect.Constructor.newInstance(Constructor.java:423)
	at org.openqa.selenium.remote.http.W3CHttpResponseCodec.createException(W3CHttpResponseCodec.java:187)
	at org.openqa.selenium.remote.http.W3CHttpResponseCodec.decode(W3CHttpResponseCodec.java:122)
	at org.openqa.selenium.remote.http.W3CHttpResponseCodec.decode(W3CHttpResponseCodec.java:49)
	at org.openqa.selenium.remote.HttpCommandExecutor.execute(HttpCommandExecutor.java:158)
	at org.openqa.selenium.remote.service.DriverCommandExecutor.execute(DriverCommandExecutor.java:83)
	at org.openqa.selenium.remote.RemoteWebDriver.execute(RemoteWebDriver.java:545)
	at org.openqa.selenium.remote.RemoteWebDriver.get(RemoteWebDriver.java:273)
	at test.TestLogin.Login(TestLogin.java:74)
	at sun.reflect.NativeMethodAccessorImpl.invoke0(Native Method)
	at sun.reflect.NativeMethodAccessorImpl.invoke(NativeMethodAccessorImpl.java:62)
	at sun.reflect.DelegatingMethodAccessorImpl.invoke(DelegatingMethodAccessorImpl.java:43)
	at java.lang.reflect.Method.invoke(Method.java:498)
	at org.testng.internal.MethodInvocationHelper.invokeMethod(MethodInvocationHelper.java:86)
	at org.testng.internal.Invoker.invokeMethod(Invoker.java:643)
	at org.testng.internal.Invoker.invokeTestMethod(Invoker.java:820)
	at org.testng.internal.Invoker.invokeTestMethods(Invoker.java:1128)
	at org.testng.internal.TestMethodWorker.invokeTestMethods(TestMethodWorker.java:129)
	at org.testng.internal.TestMethodWorker.run(TestMethodWorker.java:112)
	at org.testng.TestRunner.privateRun(TestRunner.java:782)
	at org.testng.TestRunner.run(TestRunner.java:632)
	at org.testng.SuiteRunner.runTest(SuiteRunner.java:366)
	at org.testng.SuiteRunner.runSequentially(SuiteRunner.java:361)
	at org.testng.SuiteRunner.privateRun(SuiteRunner.java:319)
	at org.testng.SuiteRunner.run(SuiteRunner.java:268)
	at org.testng.SuiteRunnerWorker.runSuite(SuiteRunnerWorker.java:52)
	at org.testng.SuiteRunnerWorker.run(SuiteRunnerWorker.java:86)
	at org.testng.TestNG.runSuitesSequentially(TestNG.java:1244)
	at org.testng.TestNG.runSuitesLocally(TestNG.java:1169)
	at org.testng.TestNG.run(TestNG.java:1064)
	at org.apache.maven.surefire.testng.TestNGExecutor.run(TestNGExecutor.java:283)
	at org.apache.maven.surefire.testng.TestNGXmlTestSuite.execute(TestNGXmlTestSuite.java:75)
	at org.apache.maven.surefire.testng.TestNGProvider.invoke(TestNGProvider.java:120)
	at org.apache.maven.surefire.booter.ForkedBooter.invokeProviderInSameClassLoader(ForkedBooter.java:379)
	at org.apache.maven.surefire.booter.ForkedBooter.runSuitesInProcess(ForkedBooter.java:340)
	at org.apache.maven.surefire.booter.ForkedBooter.execute(ForkedBooter.java:125)
	at org.apache.maven.surefire.booter.ForkedBooter.main(ForkedBooter.java:413)
</pre></div></td>
<td>27</td>
<td>test.TestLogin@224edc67</td></tr>
</table><p>
<table width='100%' border='1' class='invocation-passed'>
<tr><td colspan='4' align='center'><b>PASSED TESTS</b></td></tr>
<tr><td><b>Test method</b></td>
<td width="30%"><b>Exception</b></td>
<td width="10%"><b>Time (seconds)</b></td>
<td><b>Instance</b></td>
</tr>
<tr>
<td title='test.TestLogin.Login()'><b>Login</b><br>Test class: test.TestLogin<br>Parameters: TATestme1@gmail.com, pass123</td>
<td></td>
<td>16</td>
<td>test.TestLogin@224edc67</td></tr>
<tr>
<td title='test.TestLogin.Login()'><b>Login</b><br>Test class: test.TestLogin<br>Parameters: TATestme2@gmail.com, pass124</td>
<td></td>
<td>17</td>
<td>test.TestLogin@224edc67</td></tr>
<tr>
<td title='test.TestLogin.Login()'><b>Login</b><br>Test class: test.TestLogin<br>Parameters: TATestme3@gmail.com, pass125</td>
<td></td>
<td>25</td>
<td>test.TestLogin@224edc67</td></tr>
<tr>
<td title='test.TestLogin.Login()'><b>Login</b><br>Test class: test.TestLogin<br>Parameters: TATestme4@gmail.com, pass126</td>
<td></td>
<td>20</td>
<td>test.TestLogin@224edc67</td></tr>
<tr>
<td title='test.TestLogin.Login()'><b>Login</b><br>Test class: test.TestLogin<br>Parameters: TATestme5@gmail.com, pass127</td>
<td></td>
<td>18</td>
<td>test.TestLogin@224edc67</td></tr>
<tr>
<td title='test.TestLogin.Login()'><b>Login</b><br>Test class: test.TestLogin<br>Parameters: TATestme6@gmail.com, pass128</td>
<td></td>
<td>14</td>
<td>test.TestLogin@224edc67</td></tr>
<tr>
<td title='test.TestLogin.Login()'><b>Login</b><br>Test class: test.TestLogin<br>Parameters: TATestme7@gmail.com, pass129</td>
<td></td>
<td>14</td>
<td>test.TestLogin@224edc67</td></tr>
<tr>
<td title='test.TestLogin.Login()'><b>Login</b><br>Test class: test.TestLogin<br>Parameters: TATestme8@gmail.com, pass130</td>
<td></td>
<td>18</td>
<td>test.TestLogin@224edc67</td></tr>
<tr>
<td title='test.TestSignup.signUp()'><b>signUp</b><br>Test class: test.TestSignup<br>Parameters: TestFirst1, TestLast1, 1.678945625E9, TATestme1@gmail.com, pass123, pass123</td>
<td></td>
<td>57</td>
<td>test.TestSignup@14acaea5</td></tr>
<tr>
<td title='test.TestSignup.signUp()'><b>signUp</b><br>Test class: test.TestSignup<br>Parameters: TestFirst2, TestLast2, 1.678945626E9, TATestme2@gmail.com, pass124, pass124</td>
<td></td>
<td>14</td>
<td>test.TestSignup@14acaea5</td></tr>
<tr>
<td title='test.TestSignup.signUp()'><b>signUp</b><br>Test class: test.TestSignup<br>Parameters: TestFirst3, TestLast3, 1.678945627E9, TATestme3@gmail.com, pass125, pass125</td>
<td></td>
<td>13</td>
<td>test.TestSignup@14acaea5</td></tr>
<tr>
<td title='test.TestSignup.signUp()'><b>signUp</b><br>Test class: test.TestSignup<br>Parameters: TestFirst4, TestLast4, 1.678945628E9, TATestme4@gmail.com, pass126, pass126</td>
<td></td>
<td>12</td>
<td>test.TestSignup@14acaea5</td></tr>
<tr>
<td title='test.TestSignup.signUp()'><b>signUp</b><br>Test class: test.TestSignup<br>Parameters: TestFirst5, TestLast5, 1.678945629E9, TATestme5@gmail.com, pass127, pass127</td>
<td></td>
<td>12</td>
<td>test.TestSignup@14acaea5</td></tr>
<tr>
<td title='test.TestSignup.signUp()'><b>signUp</b><br>Test class: test.TestSignup<br>Parameters: TestFirst6, TestLast6, 1.67894563E9, TATestme6@gmail.com, pass128, pass128</td>
<td></td>
<td>11</td>
<td>test.TestSignup@14acaea5</td></tr>
<tr>
<td title='test.TestSignup.signUp()'><b>signUp</b><br>Test class: test.TestSignup<br>Parameters: TestFirst7, TestLast7, 1.678945631E9, TATestme7@gmail.com, pass129, pass129</td>
<td></td>
<td>13</td>
<td>test.TestSignup@14acaea5</td></tr>
<tr>
<td title='test.TestSignup.signUp()'><b>signUp</b><br>Test class: test.TestSignup<br>Parameters: TestFirst8, TestLast8, 1.678945632E9, TATestme8@gmail.com, pass130, pass130</td>
<td></td>
<td>13</td>
<td>test.TestSignup@14acaea5</td></tr>
<tr>
<td title='test.TestSignup.signUp()'><b>signUp</b><br>Test class: test.TestSignup<br>Parameters: TestFirst9, TestLast9, 1.678945633E9, TATestme9@gmail.com, pass131, pass131</td>
<td></td>
<td>12</td>
<td>test.TestSignup@14acaea5</td></tr>
</table><p>
</body>
</html>