<?xml version="1.0" encoding="UTF-8"?>
<!-- Generated by org.testng.reporters.JUnitXMLReporter -->
<testsuite hostname="Jai-PC" name="Test" tests="18" failures="1" timestamp="27 Sep 2018 16:29:51 GMT" time="426.378" errors="0">
  <testcase name="signUp" time="57.711" classname="test.TestSignup"/>
  <testcase name="signUp" time="14.433" classname="test.TestSignup"/>
  <testcase name="signUp" time="13.179" classname="test.TestSignup"/>
  <testcase name="signUp" time="12.533" classname="test.TestSignup"/>
  <testcase name="signUp" time="12.221" classname="test.TestSignup"/>
  <testcase name="signUp" time="11.85" classname="test.TestSignup"/>
  <testcase name="signUp" time="13.185" classname="test.TestSignup"/>
  <testcase name="signUp" time="13.0" classname="test.TestSignup"/>
  <testcase name="signUp" time="12.655" classname="test.TestSignup"/>
  <testcase name="Login" time="16.326" classname="test.TestLogin"/>
  <testcase name="Login" time="17.779" classname="test.TestLogin"/>
  <testcase name="Login" time="25.912" classname="test.TestLogin"/>
  <testcase name="Login" time="20.167" classname="test.TestLogin"/>
  <testcase name="Login" time="18.741" classname="test.TestLogin"/>
  <testcase name="Login" time="14.605" classname="test.TestLogin"/>
  <testcase name="Login" time="14.062" classname="test.TestLogin"/>
  <testcase name="Login" time="18.364" classname="test.TestLogin"/>
  <testcase name="Login" time="27.918" classname="test.TestLogin">
    <failure type="org.openqa.selenium.WebDriverException" message="Reached error page: about:neterror?e=netTimeout&amp;amp;u=https%3A//www.phptravels.net/login&amp;amp;c=UTF-8&amp;amp;f=regular&amp;amp;d=The%20server%20at%20www.phptravels.net%20is%20taking%20too%20long%20to%20respond.
Build info: version: &amp;apos;3.11.0&amp;apos;, revision: &amp;apos;e59cfb3&amp;apos;, time: &amp;apos;2018-03-11T20:26:55.152Z&amp;apos;
System info: host: &amp;apos;JAI-PC&amp;apos;, ip: &amp;apos;192.168.0.105&amp;apos;, os.name: &amp;apos;Windows 8&amp;apos;, os.arch: &amp;apos;amd64&amp;apos;, os.version: &amp;apos;6.2&amp;apos;, java.version: &amp;apos;1.8.0_131&amp;apos;
Driver info: org.openqa.selenium.firefox.FirefoxDriver
Capabilities {acceptInsecureCerts: true, browserName: firefox, browserVersion: 62.0.2, javascriptEnabled: true, moz:accessibilityChecks: false, moz:headless: false, moz:processID: 3308, moz:profile: C:\Users\JayaprakashNagaraj..., moz:useNonSpecCompliantPointerOrigin: false, moz:webdriverClick: true, pageLoadStrategy: normal, platform: XP, platformName: XP, platformVersion: 6.2, rotatable: false, timeouts: {implicit: 0, pageLoad: 300000, script: 30000}}
Session ID: 3e18f649-cead-4c60-ae15-57f2d474d43e">
      <![CDATA[org.openqa.selenium.WebDriverException: Reached error page: about:neterror?e=netTimeout&u=https%3A//www.phptravels.net/login&c=UTF-8&f=regular&d=The%20server%20at%20www.phptravels.net%20is%20taking%20too%20long%20to%20respond.
Build info: version: '3.11.0', revision: 'e59cfb3', time: '2018-03-11T20:26:55.152Z'
System info: host: 'JAI-PC', ip: '192.168.0.105', os.name: 'Windows 8', os.arch: 'amd64', os.version: '6.2', java.version: '1.8.0_131'
Driver info: org.openqa.selenium.firefox.FirefoxDriver
Capabilities {acceptInsecureCerts: true, browserName: firefox, browserVersion: 62.0.2, javascriptEnabled: true, moz:accessibilityChecks: false, moz:headless: false, moz:processID: 3308, moz:profile: C:\Users\JayaprakashNagaraj..., moz:useNonSpecCompliantPointerOrigin: false, moz:webdriverClick: true, pageLoadStrategy: normal, platform: XP, platformName: XP, platformVersion: 6.2, rotatable: false, timeouts: {implicit: 0, pageLoad: 300000, script: 30000}}
Session ID: 3e18f649-cead-4c60-ae15-57f2d474d43e
	at org.openqa.selenium.remote.http.W3CHttpResponseCodec.createException(W3CHttpResponseCodec.java:187)
	at org.openqa.selenium.remote.http.W3CHttpResponseCodec.decode(W3CHttpResponseCodec.java:122)
	at org.openqa.selenium.remote.http.W3CHttpResponseCodec.decode(W3CHttpResponseCodec.java:49)
	at org.openqa.selenium.remote.HttpCommandExecutor.execute(HttpCommandExecutor.java:158)
	at org.openqa.selenium.remote.service.DriverCommandExecutor.execute(DriverCommandExecutor.java:83)
	at org.openqa.selenium.remote.RemoteWebDriver.execute(RemoteWebDriver.java:545)
	at org.openqa.selenium.remote.RemoteWebDriver.get(RemoteWebDriver.java:273)
	at test.TestLogin.Login(TestLogin.java:74)
... Removed 32 stack frames]]>
    </failure>
  </testcase> <!-- Login -->
</testsuite> <!-- Test -->
